<?xml version="1.0" encoding="UTF-8"?>
<!-- Generated by org.testng.reporters.JUnitXMLReporter -->
<testsuite hostname="aman-PC" ignored="0" name="FirstTests" tests="3" failures="0" timestamp="15 Aug 2017 07:59:38 GMT" time="0.009" errors="0">
  <testcase name="FirstTest" time="0.001" classname="testScript.Tc_0001Login"/>
  <testcase name="FirstTest1" time="0.001" classname="testScript.Tc_0001Login"/>
  <testcase name="FirstTest2" time="0.001" classname="testScript.Tc_0001Login"/>
</testsuite> <!-- FirstTests -->
