<?xml version="1.0" encoding="UTF-8"?>
<!-- Generated by org.testng.reporters.JUnitXMLReporter -->
<testsuite hostname="aman-PC" ignored="0" name="FirstTests" tests="3" failures="1" timestamp="16 Aug 2017 01:51:01 GMT" time="7.928" errors="0">
  <testcase name="FailedtestCase1" time="0.023" classname="testScript.TestCaseReport">
    <failure type="java.lang.AssertionError" message="expected [true] but found [false]">
      <![CDATA[java.lang.AssertionError: expected [true] but found [false]
	at testScript.TestCaseReport.FailedtestCase1(TestCaseReport.java:20)
... Removed 31 stack frames]]>
    </failure>
  </testcase> <!-- FailedtestCase1 -->
  <testcase name="PassedTestCaseTest" time="0.004" classname="testScript.TestCaseReport"/>
  <testcase name="passedtestCase" time="0.002" classname="testScript.TestCaseReport"/>
</testsuite> <!-- FirstTests -->
