<?xml version="1.0" encoding="UTF-8"?>
<!-- Generated by org.testng.reporters.JUnitXMLReporter -->
<testsuite hostname="aman-PC" ignored="0" name="secondTests" tests="3" failures="1" timestamp="16 Aug 2017 01:51:01 GMT" time="0.009" errors="0">
  <testcase name="ValidateLoginTestcaseWithInValidData" time="0.001" classname="testScript.TestCaseReport1">
    <failure type="java.lang.AssertionError" message="expected [true] but found [false]">
      <![CDATA[java.lang.AssertionError: expected [true] but found [false]
	at testScript.TestCaseReport1.ValidateLoginTestcaseWithInValidData(TestCaseReport1.java:17)
... Removed 31 stack frames]]>
    </failure>
  </testcase> <!-- ValidateLoginTestcaseWithInValidData -->
  <testcase name="ValidateLoginTestcaseWithValidData" time="0.001" classname="testScript.TestCaseReport1"/>
  <testcase name="ValidateLoginTestcaseWithValidandInvalidData" time="0.0" classname="testScript.TestCaseReport1"/>
</testsuite> <!-- secondTests -->
